webMobileGroupChat/build/outputs/logs/manifest-merger-debug-report.txt
-- Merging decision tree log ---
manifest
ADDED from src/main/AndroidManifest.xml:2:1-48:12
	xmlns:android
		ADDED from src/main/AndroidManifest.xml:2:11-69
	package
		ADDED from src/main/AndroidManifest.xml:3:5-37
		INJECTED from src/main/AndroidManifest.xml
		INJECTED from src/main/AndroidManifest.xml
	android:versionName
		ADDED from src/main/AndroidManifest.xml:5:5-30
	android:versionCode
		ADDED from src/main/AndroidManifest.xml:4:5-28
		INJECTED from src/main/AndroidManifest.xml
		INJECTED from src/main/AndroidManifest.xml
uses-sdk
ADDED from src/main/AndroidManifest.xml:7:5-9:41
MERGED from [Shake:androidwebsocketsmaster:unspecified] AndroidManifest.xml:7:5-9:40
MERGED from [com.android.support:appcompat-v7:18.0.0] AndroidManifest.xml:18:5-42
MERGED from [com.android.support:support-v4:22.2.1] AndroidManifest.xml:20:5-43
MERGED from [com.android.support:support-v4:22.2.1] AndroidManifest.xml:20:5-43
MERGED from [com.facebook.android:facebook-android-sdk:4.7.0] AndroidManifest.xml:24:5-26:41
MERGED from [com.android.support:support-v4:22.2.1] AndroidManifest.xml:20:5-43
	android:targetSdkVersion
		ADDED from src/main/AndroidManifest.xml:9:9-38
		INJECTED from src/main/AndroidManifest.xml
		INJECTED from src/main/AndroidManifest.xml
	android:minSdkVersion
		ADDED from src/main/AndroidManifest.xml:8:9-35
		INJECTED from src/main/AndroidManifest.xml
		INJECTED from src/main/AndroidManifest.xml
uses-permission#android.permission.INTERNET
ADDED from src/main/AndroidManifest.xml:11:5-67
	android:name
		ADDED from src/main/AndroidManifest.xml:11:22-64
uses-permission#android.permission.BLUETOOTH
ADDED from src/main/AndroidManifest.xml:12:5-68
	android:name
		ADDED from src/main/AndroidManifest.xml:12:22-65
uses-permission#com.microsoft.band.service.access.BIND_BAND_SERVICE
ADDED from src/main/AndroidManifest.xml:13:5-91
	android:name
		ADDED from src/main/AndroidManifest.xml:13:22-88
application
ADDED from src/main/AndroidManifest.xml:15:5-46:19
MERGED from [com.android.support:appcompat-v7:18.0.0] AndroidManifest.xml:19:5-20
MERGED from [com.android.support:support-v4:22.2.1] AndroidManifest.xml:22:5-20
MERGED from [com.android.support:support-v4:22.2.1] AndroidManifest.xml:22:5-20
MERGED from [com.facebook.android:facebook-android-sdk:4.7.0] AndroidManifest.xml:28:5-20
MERGED from [com.android.support:support-v4:22.2.1] AndroidManifest.xml:22:5-20
	android:label
		ADDED from src/main/AndroidManifest.xml:18:9-41
	android:allowBackup
		ADDED from src/main/AndroidManifest.xml:16:9-35
	android:icon
		ADDED from src/main/AndroidManifest.xml:17:9-45
	android:theme
		ADDED from src/main/AndroidManifest.xml:19:9-44
meta-data#com.facebook.sdk.ApplicationId
ADDED from src/main/AndroidManifest.xml:21:9-23:55
	android:name
		ADDED from src/main/AndroidManifest.xml:22:13-58
	android:value
		ADDED from src/main/AndroidManifest.xml:23:13-52
activity#info.androidhive.shake.NameActivity
ADDED from src/main/AndroidManifest.xml:25:9-34:20
	android:windowSoftInputMode
		ADDED from src/main/AndroidManifest.xml:28:13-52
	android:label
		ADDED from src/main/AndroidManifest.xml:27:13-45
	android:name
		ADDED from src/main/AndroidManifest.xml:26:13-63
intent-filter#android.intent.action.MAIN+android.intent.category.LAUNCHER
ADDED from src/main/AndroidManifest.xml:29:13-33:29
action#android.intent.action.MAIN
ADDED from src/main/AndroidManifest.xml:30:17-69
	android:name
		ADDED from src/main/AndroidManifest.xml:30:25-66
category#android.intent.category.LAUNCHER
ADDED from src/main/AndroidManifest.xml:32:17-77
	android:name
		ADDED from src/main/AndroidManifest.xml:32:27-74
activity#info.androidhive.shake.MainActivity
ADDED from src/main/AndroidManifest.xml:35:9-37:51
	android:screenOrientation
		ADDED from src/main/AndroidManifest.xml:37:13-49
	android:name
		ADDED from src/main/AndroidManifest.xml:36:13-63
activity#info.androidhive.shake.UserProfile
ADDED from src/main/AndroidManifest.xml:38:9-40:51
	android:screenOrientation
		ADDED from src/main/AndroidManifest.xml:40:13-49
	android:name
		ADDED from src/main/AndroidManifest.xml:39:13-62
activity#com.facebook.FacebookActivity
ADDED from src/main/AndroidManifest.xml:41:9-45:75
	android:label
		ADDED from src/main/AndroidManifest.xml:44:13-45
	android:configChanges
		ADDED from src/main/AndroidManifest.xml:43:13-96
	android:theme
		ADDED from src/main/AndroidManifest.xml:45:13-72
	android:name
		ADDED from src/main/AndroidManifest.xml:42:13-57